# JRE version: OpenJDK Runtime Environment (8.0_362-b09) (build 1.8.0_362-b09)
# Java VM: OpenJDK 64-Bit Server VM (25.362-b09 mixed mode windows-amd64 compressed oops)
Heap:
 PSYoungGen      total 70656K, used 11631K [0x00000000d6300000, 0x00000000dff00000, 0x0000000100000000)
  eden space 65536K, 17% used [0x00000000d6300000,0x00000000d6e5bef8,0x00000000da300000)
  from space 5120K, 0% used [0x00000000da300000,0x00000000da300000,0x00000000da800000)
  to   space 14336K, 0% used [0x00000000df100000,0x00000000df100000,0x00000000dff00000)
 ParOldGen       total 81408K, used 21304K [0x0000000082800000, 0x0000000087780000, 0x00000000d6300000)
  object space 81408K, 26% used [0x0000000082800000,0x0000000083cce140,0x0000000087780000)
 Metaspace       used 21842K, capacity 22174K, committed 22400K, reserved 1069056K
  class space    used 2764K, capacity 2859K, committed 2944K, reserved 1048576K
GC Heap History (10 events):
Event: 0.769 GC heap before
{Heap before GC invocations=2 (full 0):
 PSYoungGen      total 37888K, used 37886K [0x00000000d6300000, 0x00000000d8d00000, 0x0000000100000000)
  eden space 32768K, 100% used [0x00000000d6300000,0x00000000d8300000,0x00000000d8300000)
  from space 5120K, 99% used [0x00000000d8300000,0x00000000d87ffab8,0x00000000d8800000)
  to   space 5120K, 0% used [0x00000000d8800000,0x00000000d8800000,0x00000000d8d00000)
 ParOldGen       total 86016K, used 711K [0x0000000082800000, 0x0000000087c00000, 0x00000000d6300000)
  object space 86016K, 0% used [0x0000000082800000,0x00000000828b1d30,0x0000000087c00000)
 Metaspace       used 10172K, capacity 10316K, committed 10624K, reserved 1058816K
  class space    used 1213K, capacity 1288K, committed 1408K, reserved 1048576K
Event: 0.776 GC heap after
Heap after GC invocations=2 (full 0):
 PSYoungGen      total 37888K, used 5105K [0x00000000d6300000, 0x00000000dad00000, 0x0000000100000000)
  eden space 32768K, 0% used [0x00000000d6300000,0x00000000d6300000,0x00000000d8300000)
  from space 5120K, 99% used [0x00000000d8800000,0x00000000d8cfc7c8,0x00000000d8d00000)
  to   space 5120K, 0% used [0x00000000d8300000,0x00000000d8300000,0x00000000d8800000)
 ParOldGen       total 86016K, used 8103K [0x0000000082800000, 0x0000000087c00000, 0x00000000d6300000)
  object space 86016K, 9% used [0x0000000082800000,0x0000000082fe9f08,0x0000000087c00000)
 Metaspace       used 10172K, capacity 10316K, committed 10624K, reserved 1058816K
  class space    used 1213K, capacity 1288K, committed 1408K, reserved 1048576K
}
Event: 1.078 GC heap before
{Heap before GC invocations=3 (full 0):
 PSYoungGen      total 37888K, used 37873K [0x00000000d6300000, 0x00000000dad00000, 0x0000000100000000)
  eden space 32768K, 100% used [0x00000000d6300000,0x00000000d8300000,0x00000000d8300000)
  from space 5120K, 99% used [0x00000000d8800000,0x00000000d8cfc7c8,0x00000000d8d00000)
  to   space 5120K, 0% used [0x00000000d8300000,0x00000000d8300000,0x00000000d8800000)
 ParOldGen       total 86016K, used 8103K [0x0000000082800000, 0x0000000087c00000, 0x00000000d6300000)
  object space 86016K, 9% used [0x0000000082800000,0x0000000082fe9f08,0x0000000087c00000)
 Metaspace       used 13648K, capacity 13816K, committed 14080K, reserved 1060864K
  class space    used 1687K, capacity 1770K, committed 1792K, reserved 1048576K
Event: 1.084 GC heap after
Heap after GC invocations=3 (full 0):
 PSYoungGen      total 37888K, used 5119K [0x00000000d6300000, 0x00000000dad00000, 0x0000000100000000)
  eden space 32768K, 0% used [0x00000000d6300000,0x00000000d6300000,0x00000000d8300000)
  from space 5120K, 99% used [0x00000000d8300000,0x00000000d87fff10,0x00000000d8800000)
  to   space 5120K, 0% used [0x00000000da800000,0x00000000da800000,0x00000000dad00000)
 ParOldGen       total 86016K, used 14055K [0x0000000082800000, 0x0000000087c00000, 0x00000000d6300000)
  object space 86016K, 16% used [0x0000000082800000,0x00000000835b9db8,0x0000000087c00000)
 Metaspace       used 13648K, capacity 13816K, committed 14080K, reserved 1060864K
  class space    used 1687K, capacity 1770K, committed 1792K, reserved 1048576K
}
Event: 1.484 GC heap before
{Heap before GC invocations=4 (full 0):
 PSYoungGen      total 37888K, used 37887K [0x00000000d6300000, 0x00000000dad00000, 0x0000000100000000)
  eden space 32768K, 100% used [0x00000000d6300000,0x00000000d8300000,0x00000000d8300000)
  from space 5120K, 99% used [0x00000000d8300000,0x00000000d87fff10,0x00000000d8800000)
  to   space 5120K, 0% used [0x00000000da800000,0x00000000da800000,0x00000000dad00000)
 ParOldGen       total 86016K, used 14055K [0x0000000082800000, 0x0000000087c00000, 0x00000000d6300000)
  object space 86016K, 16% used [0x0000000082800000,0x00000000835b9db8,0x0000000087c00000)
 Metaspace       used 17722K, capacity 17966K, committed 18304K, reserved 1064960K
  class space    used 2259K, capacity 2355K, committed 2432K, reserved 1048576K
Event: 1.497 GC heap after
Heap after GC invocations=4 (full 0):
 PSYoungGen      total 70656K, used 5100K [0x00000000d6300000, 0x00000000dad00000, 0x0000000100000000)
  eden space 65536K, 0% used [0x00000000d6300000,0x00000000d6300000,0x00000000da300000)
  from space 5120K, 99% used [0x00000000da800000,0x00000000dacfb090,0x00000000dad00000)
  to   space 5120K, 0% used [0x00000000da300000,0x00000000da300000,0x00000000da800000)
 ParOldGen       total 86016K, used 20537K [0x0000000082800000, 0x0000000087c00000, 0x00000000d6300000)
  object space 86016K, 23% used [0x0000000082800000,0x0000000083c0e410,0x0000000087c00000)
 Metaspace       used 17722K, capacity 17966K, committed 18304K, reserved 1064960K
  class space    used 2259K, capacity 2355K, committed 2432K, reserved 1048576K
}
Event: 2.488 GC heap before
{Heap before GC invocations=5 (full 0):
 PSYoungGen      total 70656K, used 44219K [0x00000000d6300000, 0x00000000dad00000, 0x0000000100000000)
  eden space 65536K, 59% used [0x00000000d6300000,0x00000000d8933cb0,0x00000000da300000)
  from space 5120K, 99% used [0x00000000da800000,0x00000000dacfb090,0x00000000dad00000)
  to   space 5120K, 0% used [0x00000000da300000,0x00000000da300000,0x00000000da800000)
 ParOldGen       total 86016K, used 20537K [0x0000000082800000, 0x0000000087c00000, 0x00000000d6300000)
  object space 86016K, 23% used [0x0000000082800000,0x0000000083c0e410,0x0000000087c00000)
 Metaspace       used 20817K, capacity 21086K, committed 21248K, reserved 1067008K
  class space    used 2647K, capacity 2731K, committed 2816K, reserved 1048576K
Event: 2.509 GC heap after
Heap after GC invocations=5 (full 0):
 PSYoungGen      total 70656K, used 5112K [0x00000000d6300000, 0x00000000dff00000, 0x0000000100000000)
  eden space 65536K, 0% used [0x00000000d6300000,0x00000000d6300000,0x00000000da300000)
  from space 5120K, 99% used [0x00000000da300000,0x00000000da7fe2f0,0x00000000da800000)
  to   space 14336K, 0% used [0x00000000df100000,0x00000000df100000,0x00000000dff00000)
 ParOldGen       total 86016K, used 24794K [0x0000000082800000, 0x0000000087c00000, 0x00000000d6300000)
  object space 86016K, 28% used [0x0000000082800000,0x0000000084036980,0x0000000087c00000)
 Metaspace       used 20817K, capacity 21086K, committed 21248K, reserved 1067008K
  class space    used 2647K, capacity 2731K, committed 2816K, reserved 1048576K
}
Event: 2.509 GC heap before
{Heap before GC invocations=6 (full 1):
 PSYoungGen      total 70656K, used 5112K [0x00000000d6300000, 0x00000000dff00000, 0x0000000100000000)
  eden space 65536K, 0% used [0x00000000d6300000,0x00000000d6300000,0x00000000da300000)
  from space 5120K, 99% used [0x00000000da300000,0x00000000da7fe2f0,0x00000000da800000)
  to   space 14336K, 0% used [0x00000000df100000,0x00000000df100000,0x00000000dff00000)
 ParOldGen       total 86016K, used 24794K [0x0000000082800000, 0x0000000087c00000, 0x00000000d6300000)
  object space 86016K, 28% used [0x0000000082800000,0x0000000084036980,0x0000000087c00000)
 Metaspace       used 20817K, capacity 21086K, committed 21248K, reserved 1067008K
  class space    used 2647K, capacity 2731K, committed 2816K, reserved 1048576K
Event: 2.573 GC heap after
Heap after GC invocations=6 (full 1):
 PSYoungGen      total 70656K, used 0K [0x00000000d6300000, 0x00000000dff00000, 0x0000000100000000)
  eden space 65536K, 0% used [0x00000000d6300000,0x00000000d6300000,0x00000000da300000)
  from space 5120K, 0% used [0x00000000da300000,0x00000000da300000,0x00000000da800000)
  to   space 14336K, 0% used [0x00000000df100000,0x00000000df100000,0x00000000dff00000)
 ParOldGen       total 81408K, used 21304K [0x0000000082800000, 0x0000000087780000, 0x00000000d6300000)
  object space 81408K, 26% used [0x0000000082800000,0x0000000083cce140,0x0000000087780000)
 Metaspace       used 20817K, capacity 21086K, committed 21248K, reserved 1067008K
  class space    used 2647K, capacity 2731K, committed 2816K, reserved 1048576K
}

